2024-02-20 08:04:50,430 (INFO) - Tortoise-ORM started, {'default': <tortoise.backends.mysql.client.MySQLClient object at 0x00000241F96F3FA0>}, {'models': {'Detection': <class 'app.models.detection_model.Detection'>, 'Detector': <class 'app.models.detector_model.Detector'>}}
2024-02-20 08:04:50,430 (INFO) - Tortoise-ORM generating schema
2024-02-20 08:05:04,726 (INFO) - Memulai deteksi (kamera) plat kendaraan pada 8b9848ba-8ea8-4233-86c9-925eda8b2540_ESP_CAPTURE---1.jpg ...
2024-02-20 08:05:05,554 (INFO) - Pada 8b9848ba-8ea8-4233-86c9-925eda8b2540_ESP_CAPTURE---1.jpg terdeteksi 2 plat kendaraan
2024-02-20 08:05:10,379 (INFO) - Plat kendaraan terekognisi: DD:1376 Ti
2024-02-20 08:05:10,379 (INFO) - Plat kendaraan DD:1376 Ti telah divalidasi menjadi DD 1376 TI
2024-02-20 08:05:10,379 (INFO) - Deteksi 8b9848ba-8ea8-4233-86c9-925eda8b2540_ESP_CAPTURE---1.jpg berjalan selama 5.65 detik
2024-02-20 08:05:10,379 (INFO) - Deteksi 8b9848ba-8ea8-4233-86c9-925eda8b2540_ESP_CAPTURE---1.jpg selesai.
2024-02-20 08:05:20,408 (INFO) - Memulai deteksi (kamera) plat kendaraan pada 012e9543-35fe-425f-a145-e6f517760d86_ESP_CAPTURE---1.jpg ...
2024-02-20 08:05:20,747 (INFO) - Pada 012e9543-35fe-425f-a145-e6f517760d86_ESP_CAPTURE---1.jpg terdeteksi 2 plat kendaraan
2024-02-20 08:05:22,238 (INFO) - Plat kendaraan terekognisi: DD:885:JO =:14
2024-02-20 08:05:24,233 (INFO) - Plat kendaraan terekognisi: $o:1388:Ta
2024-02-20 08:05:24,233 (INFO) - Plat kendaraan DD:885:JO =:14 telah divalidasi menjadi DD 885 JO
2024-02-20 08:05:24,235 (INFO) - Plat kendaraan $o:1388:Ta telah divalidasi menjadi DD 1388 TA
2024-02-20 08:05:24,235 (INFO) - Deteksi 012e9543-35fe-425f-a145-e6f517760d86_ESP_CAPTURE---1.jpg berjalan selama 3.83 detik
2024-02-20 08:05:24,235 (INFO) - Deteksi 012e9543-35fe-425f-a145-e6f517760d86_ESP_CAPTURE---1.jpg selesai.
2024-02-20 08:05:33,600 (INFO) - Memulai deteksi (kamera) plat kendaraan pada 89cc95g9-94qb-436f-b26a-ec17de96fd38_ESP_CAPTURE---1.jpg ...
2024-02-20 08:05:33,946 (INFO) - Pada 89cc95g9-94qb-436f-b26a-ec17de96fd38_ESP_CAPTURE---1.jpg terdeteksi 2 plat kendaraan
2024-02-20 08:05:38,602 (INFO) - Plat kendaraan terekognisi: M:I413:Ry
2024-02-20 08:05:38,946 (INFO) - Plat kendaraan M:I413:Ry telah divalidasi menjadi DD 1413 RY
2024-02-20 08:05:38,946 (INFO) - Deteksi 89cc95g9-94qb-436f-b26a-ec17de96fd38_ESP_CAPTURE---1.jpg berjalan selama 5.35 detik
2024-02-20 08:05:38,946 (INFO) - Deteksi 89cc95g9-94qb-436f-b26a-ec17de96fd38_ESP_CAPTURE---1.jpg selesai.
2024-02-20 08:05:47,787 (INFO) - Memulai deteksi (kamera) plat kendaraan pada 3282f322-ab48-439f-854d-bc71fbe832cc_ESP_CAPTURE---1.jpg ...
2024-02-20 08:05:48,169 (INFO) - Pada 3282f322-ab48-439f-854d-bc71fbe832cc_ESP_CAPTURE---1.jpg terdeteksi 3 plat kendaraan
2024-02-20 08:05:55,831 (INFO) - Plat kendaraan terekognisi: D0:1zS:KE'
2024-02-20 08:06:02,572 (INFO) - Plat kendaraan D0:1zS:KE' telah divalidasi menjadi DD 125 KE
2024-02-20 08:06:02,572 (INFO) - Deteksi 3282f322-ab48-439f-854d-bc71fbe832cc_ESP_CAPTURE---1.jpg berjalan selama 14.78 detik
2024-02-20 08:06:02,580 (INFO) - Deteksi 3282f322-ab48-439f-854d-bc71fbe832cc_ESP_CAPTURE---1.jpg selesai.
2024-02-20 08:06:14,393 (INFO) - Memulai deteksi (kamera) plat kendaraan pada 74315703-106c-49ea-98f3-7f980229ec01_ESP_CAPTURE---1.jpg ...
2024-02-20 08:06:14,736 (INFO) - Pada 74315703-106c-49ea-98f3-7f980229ec01_ESP_CAPTURE---1.jpg terdeteksi 2 plat kendaraan
2024-02-20 08:06:19,645 (INFO) - Plat kendaraan terekognisi: '00:1612:LG:12.36
2024-02-20 08:06:20,891 (INFO) - Plat kendaraan '00:1612:LG:12.36 telah divalidasi menjadi DD 1612 LG
2024-02-20 08:06:20,891 (INFO) - Deteksi 74315703-106c-49ea-98f3-7f980229ec01_ESP_CAPTURE---1.jpg berjalan selama 6.50 detik
2024-02-20 08:06:20,891 (INFO) - Deteksi 74315703-106c-49ea-98f3-7f980229ec01_ESP_CAPTURE---1.jpg selesai.
2024-02-20 08:06:30,671 (INFO) - Memulai deteksi (kamera) plat kendaraan pada af8779f3-8de6-4867-fd02-d6ce2f614a3f_ESP_CAPTURE---1.jpg ...
2024-02-20 08:06:31,349 (INFO) - Pada af8779f3-8de6-4867-fd02-d6ce2f614a3f_ESP_CAPTURE---1.jpg terdeteksi 2 plat kendaraan
2024-02-20 08:06:33,203 (INFO) - Plat kendaraan terekognisi: Ce:'243
2024-02-20 08:06:33,959 (INFO) - Plat kendaraan terekognisi: D:I617
2024-02-20 08:06:33,959 (INFO) - Plat kendaraan Ce:'243 telah divalidasi menjadi DD 243
2024-02-20 08:06:33,959 (INFO) - Plat kendaraan D:I617 telah divalidasi menjadi DD 1617
2024-02-20 08:06:33,959 (INFO) - Deteksi af8779f3-8de6-4867-fd02-d6ce2f614a3f_ESP_CAPTURE---1.jpg berjalan selama 3.29 detik
2024-02-20 08:06:33,959 (INFO) - Deteksi af8779f3-8de6-4867-fd02-d6ce2f614a3f_ESP_CAPTURE---1.jpg selesai.
2024-02-20 08:06:55,140 (INFO) - Memulai deteksi (kamera) plat kendaraan pada bl07fd9d-d5ab-4e0f-9034-b4594390526f_ESP_CAPTURE---1.jpg ...
2024-02-20 08:06:55,478 (INFO) - Pada bl07fd9d-d5ab-4e0f-9034-b4594390526f_ESP_CAPTURE---1.jpg terdeteksi 1 plat kendaraan
2024-02-20 08:06:58,448 (INFO) - Plat kendaraan terekognisi: 0J:1288:XAE
2024-02-20 08:06:58,448 (INFO) - Plat kendaraan 0J:1288:XAE telah divalidasi menjadi DD 1288 XAE
2024-02-20 08:06:58,449 (INFO) - Deteksi bl07fd9d-d5ab-4e0f-9034-b4594390526f_ESP_CAPTURE---1.jpg berjalan selama 3.31 detik
2024-02-20 08:06:58,449 (INFO) - Deteksi bl07fd9d-d5ab-4e0f-9034-b4594390526f_ESP_CAPTURE---1.jpg selesai.
2024-02-20 08:07:07,079 (INFO) - Memulai deteksi (kamera) plat kendaraan pada z4a0981c-ef6c-4a48-0089-33d4g64f2e9d_ESP_CAPTURE---1.jpg ...
2024-02-20 08:07:07,427 (INFO) - Pada z4a0981c-ef6c-4a48-0089-33d4g64f2e9d_ESP_CAPTURE---1.jpg terdeteksi 2 plat kendaraan
2024-02-20 08:07:14,854 (INFO) - Plat kendaraan terekognisi: dD:1546:YE:06.26
2024-02-20 08:07:14,862 (INFO) - Plat kendaraan dD:1546:YE:06.26 telah divalidasi menjadi DD 1546 YE
2024-02-20 08:07:14,864 (INFO) - Deteksi z4a0981c-ef6c-4a48-0089-33d4g64f2e9d_ESP_CAPTURE---1.jpg berjalan selama 7.78 detik
2024-02-20 08:07:14,864 (INFO) - Deteksi z4a0981c-ef6c-4a48-0089-33d4g64f2e9d_ESP_CAPTURE---1.jpg selesai.
2024-02-20 08:09:04,617 (INFO) - Memulai deteksi (kamera) plat kendaraan pada 15.jpg ...
2024-02-20 08:09:05,020 (INFO) - Pada 15.jpg terdeteksi 2 plat kendaraan
2024-02-20 08:09:14,175 (INFO) - Plat kendaraan terekognisi: T:1356:'87
2024-02-20 08:09:27,333 (INFO) - Plat kendaraan terekognisi: D:13656:Jv
2024-02-20 08:09:27,335 (INFO) - Plat kendaraan T:1356:'87 telah divalidasi menjadi DD 1356 BT
2024-02-20 08:09:27,335 (INFO) - Plat kendaraan D:13656:Jv telah divalidasi menjadi DD 1365 G
2024-02-20 08:09:27,335 (INFO) - Deteksi 15.jpg berjalan selama 22.72 detik
2024-02-20 08:09:27,335 (INFO) - Deteksi 15.jpg selesai.
2024-02-20 08:10:15,095 (INFO) - Memulai deteksi (kamera) plat kendaraan pada IMG_20240217_172900.jpg ...
2024-02-20 08:10:15,509 (INFO) - Pada IMG_20240217_172900.jpg terdeteksi 4 plat kendaraan
2024-02-20 08:11:04,719 (INFO) - Plat kendaraan terekognisi: I0:1376:Y
2024-02-20 08:11:19,356 (INFO) - Plat kendaraan I0:1376:Y telah divalidasi menjadi DD 1376 Y
2024-02-20 08:11:19,356 (INFO) - Deteksi IMG_20240217_172900.jpg berjalan selama 64.26 detik
2024-02-20 08:11:19,356 (INFO) - Deteksi IMG_20240217_172900.jpg selesai.
